imagepicker/build/intermediates/manifest_merge_blame_file/release/manifest-merger-blame-release-report.txt
1<?xml version="1.0" encoding="utf-8"?>
2<manifest xmlns:android="http://schemas.android.com/apk/res/android"
3    xmlns:tools="http://schemas.android.com/tools"
4    package="com.shijil.imagepicker" >
5
6    <uses-sdk
7        android:minSdkVersion="21"
7-->src\main\AndroidManifest.xml
8        android:targetSdkVersion="33" />
8-->src\main\AndroidManifest.xml
9
10    <uses-permission
10-->src\main\AndroidManifest.xml:6:5-8:40
11        android:name="android.permission.WRITE_EXTERNAL_STORAGE"
11-->src\main\AndroidManifest.xml:7:9-65
12        tools:ignore="ScopedStorage" />
12-->src\main\AndroidManifest.xml:8:9-37
13
14    <application android:largeHeap="true" >
14-->src\main\AndroidManifest.xml:10:5-19:19
14-->src\main\AndroidManifest.xml:11:9-33
15        <activity
15-->src\main\AndroidManifest.xml:13:9-17:66
16            android:name="com.shijil.imagepicker.HiddenActivity"
16-->src\main\AndroidManifest.xml:14:13-43
17            android:exported="true"
17-->src\main\AndroidManifest.xml:16:13-36
18            android:launchMode="singleTop"
18-->src\main\AndroidManifest.xml:15:13-43
19            android:theme="@style/Theme.AppCompat.NoActionBar" />
19-->src\main\AndroidManifest.xml:17:13-63
20    </application>
21
22</manifest> <!-- android:theme="@Style/Theme.Translucent.NoTitleBar" -->